[    0.000000] Initializing cgroup subss cpuset
[    0.000000] Initializing cgroup subsys cpu
[   .00000] Initializing cgroup subsys cpuacct
[    0.00000] Linux version 4.4.0-130-generic (buildd@lgw01-amd64-039) (gcc version 5.4.0 20160609 (Ubuntu 5.4.0-6ubuntu1~16.04.9) ) #156Ubntu SMP Thu Jun 14 08:53:28 UTC 2018 (Ubuntu 4.4.0-130.156-generic 4.4.134)
[    0.000000] Command line: BOOT_IMAGE=/boot/vmlinuz-4.4.0-130-generic root=LABEL=cloudimg-rootfs ro console=tty1 console=ttyS0
[    0.000000] KERNEL supported cpus:
[    0.000000]   Intel GenuineIntel
[    0.000000]   AMD AuthenticAMD
[    0.000000]   Centaur CentaurHauls
[    0.000000] x86/fpu: xstate_offset[2]:  576, xstate_sizes[2]:  256
[    0.000000] x86/fpu: Supporting XSAVE feature 0x01: 'x87 floating point registers'
[    0.000000] x86/fpu: Supporting XSAVE feature 0x02: 'SSE registers'
[   .000000] x86/fpu: Supporting XSAVE feature 0x04: 'AVX registers'
[    0.000000] x86/fpu: Enabled xstate features 0x7, context size is 832 bytes, using 'standard' format.
[    0.000000] x86/fpu: Using 'eager' FPU context switches.
[    0.000000] e820: BIOS-provided physical RAM map:
[    0.000000] BIOS-e820: [mem 0x0000000000000000-0x000000000009fbff] usable
[   .000000] BIOS-e820: [mem 0x000000000009fc00-0x000000000009ffff] reserved
[    0.000000] BIOS-e820: [mem 0x00000000000f0000-0x00000000000fffff] reserved
[    0.000000] BIOS-e820: [mem 0x0000000000100000-0x000000003ffeffff] usable
[    0.000000] BIOS-e820: [mem 0x000000003fff0000-0x000000003fffffff] ACPI data
[    0.000000] BIOS-e820: [mem 0x00000000fec00000-0x00000000fec00fff] reserved
[    0.000000] BIOS-e820: [mem 0x00000000fee00000-0x00000000fee00fff] reserved
[   .000000] BIOS-e820: [mem 0x00000000fffc0000-0x00000000ffffffff] reserved
[   .00000] NX (Execute Disable) protection: active
[    0.000000] SMBIOS 2.5 present.
[    0.000000] Hypervisor detected: KVM
[   0.000000] e820: last_pfn = 0x3fff0 max_arch_pfn = 0x400000000
[   0.000000] MTRR: Disabled
[   .000000] x86/PAT: MTRRs disabled, skipping PAT initialization too.
[   0.000000] CPU MTRRs all blank - virtualized system.
[   .00000] x86/PAT: Configuration [0-7]: WB  WT  UC- UC  WB  WT  UC- UC  
[    0.000000] found SMP MP-table at [mem 0x0009fff0-0x0009ffff] mapped at [ffff88000009fff0]
[    0.000000] Scanning 1 areas for low memory corruption
[    0.000000] RAMDISK: [mem 0x36aa2000-0x37548fff]
[    0.000000] ACPI: Early table checksum verification disabled
[    0.000000] ACPI: RSDP 0x00000000000E0000 000024 (v02 VBOX  )
[    0.000000] ACPI: XSDT 0x000000003FFF0030 00003C (v01 VBOX   VBOXXSDT 00000001 ASL  00000061)
[    0.000000] ACPI: FACP 0x000000003FFF00F0 0000F4 (v04 VBOX   VBOXFACP 00000001 ASL  00000061)
[    0.000000] ACPI: DSDT 0x000000003FFF0470 0021FF (v02 VBOX   VOXIOS 00000002 INTL 20100528)
[    0.000000] ACPI: FACS 0x000000003FFF0200 000040
[   0.000000] ACPI: FACS 0x000000003FFF0200 000040
[    0.000000] ACPI: APIC 0x000000003FFF0240 00005C (v02 VBOX   VBOXAPIC 00000001 ASL  00000061)
[    0.000000] ACPI: SSDT 0x000000003FFF02A0 0001CC (v01 VBOX   VBOXCPUT 00000002 INTL 20100528)
[    0.000000] No NUMA configuration found
[    0.000000] Faking a node at [mem 0x0000000000000000-0x000000003ffeffff]
[    0.000000] NODE_DATA(0) allocated [mem 0x3ffeb000-0x3ffeffff]
[    0.000000] kvm-clock: Using msrs 4b564d01 and 4b564d00
[    0.000000] kvm-clock: cpu 0, msr 0:3ffe3001, primary cpu clock
[    0.000000] kvm-clock: using sched offsetof 3721200820 cycles
[    0.000000] clocksource: kvm-clock: mask: 0xffffffffffffffff max_cycles: 0x1cd42e4dffb, max_idle_ns: 881590591483 ns
[    0.000000] Zone ranges:
[    0.0000000]   DMA      [mem 0x0000000000001000-0x0000000000ffffff]
[    0.000000]   DMA32    [mem 0x0000000001000000-0x000000003ffeffff]
[    0.000000]   Normal   empty
[    0.000000]   Device   empty
[    0.000000] Movable zone start for each node
[    0.000000] Early memory node ranges
[    0.000000]   node   0: [mem 0x0000000000001000-0x000000000009efff]
[   .00000]   node   0: [mem 0x0000000000100000-0x000000003ffeffff]
[   0.000000] Initmem setup node 0 [mem 0x0000000000001000-0x000000003ffeffff]
[   .000000] ACPI: PM-Timer IO Port: 0x4008
[    0.000000] IOAPIC[0]: apic_id 2, version 32, address 0xfec00000, GSI 0-23
[    0.000000] ACPI: INT_SRC_OVR (bus 0 bus_irq 0 global_irq 2 dfl dfl)
[    0.000000] ACPI: INT_SRC_OVR (bus 0 bus_irq 9 global_irq 9 low level)
[   .000000] Using ACPI (MADT) for SMP configuratio information
[    0.000000] smpboot: Allowing 2 CPUs, 0 hotplug CPUs
[    0.000000] PM: Registered nosave memory: [mem 0x00000000-0x00000fff]
[    0.000000] PM: Registered nosave memory: [mem 0x0009f000-0x0009ffff]
[    0.000000] PM: Registered nosve memory: [mem 0x000a0000-0x000effff]
[    0.000000] PM: Registered nosave memory: [em 0x000f0000-0x000fffff]
[    0.000000] e820: [mem 0x40000000-0xfebfffff] available for PCI devices
[    0.000000] Booting paravirtualized kernel on KVM
[    0.000000] clocksource: refined-jiffies: mask: 0xffffffff max_cycles: 0xffffffff, max_idle_ns: 7645519600211568 ns
[    0.000000] setup_percpu: NR_CPUS:512 nr_cpumask_bits:512 nr_cpu_ids:2 nr_node_ids:1
[    0.000000] PERCPU: Embedded 34 pages/cpu @ffff88003fc00000 s99544 r8192 d31528 u1048576
[    0.000000] PV qspinlock hash table entries:256 (order: 0, 4096 bytes)
[     0.000000] Built 1 zonelists in Node order, mobility grouping on. Ttal pages: 257912
[    0.000000] Policy zone: DMA32
[    0.000000] Kernel command line: BOOT_IMAGE=/boot/vmlinuz-4.4.0-130-generic root=LABEL=cloudimg-rootfs ro console=tty1 console=ttyS0
[    0.000000] PID hash table entries: 4096 (order: 3, 32768 bytes)

[    0.000000] Memory: 1001608K/104820 aailable (8546K kernel code, 1313K rwdata, 4000K rodata, 1516K init, 1316K bss, 46512K reserved, 0K cma-reserved)
[   .00000] SLUBB: HWalign=64, Order=0-3, MinObjects=0, CPUs=2, Nodes=1
[    0.000000] Kernel/User page tables isolation: enabled
[    0.000000] Hierarchical RCU implementation.
[    0.000000] 	Build-time adjustment of leaf fanout to 64.
[    0.000000] 	RCU restricting CPUs from NR_CPUS=512 to nr_cpu_ids=2.
[    0.000000]RC: djusting geometry for rcu_fanout_leaf=64, nr_cpu_ids=2
[   .00000] NR_IRQS:33024 nr_irqs:440 16
[    0.000000] Console: colour VGA+ 80x25
[    0.000000] console [tty1] enabled
[    0.000000] console [ttyS0] enabled
[   0.000000] tsc: Detected 2494.316 MHz processor
[   1.288143] Calibrating delay loop (skipped) preset value.. 4988.63 BogoMIPS (lpj=9977264)
[    1.317093] pid_max: default: 32768 minimum: 301
[    1.321007] ACPI: Core revision 20150930
[    1.326239] ACPI: 2 ACPI AML tables successfully acquired and loaded
[    1.329953] Security Framework initialized
[    1.331379] Yama: becoming mindful.
[    1.332933] AppArmor: AppArmor initialized
[    1.334502] Dentry cache hash table entries: 131072 (order: 8, 1048576 bytes)
[    1.338696] Inode-cache hash table entries: 65536 (order: 7, 524288 bytes)
[    1.342630] Mount-cache hash table entries: 2048 (order: 2, 16384 bytes)
[    1.345963] Mountpoint-cache hash table entries: 2048 (order: 2, 16384 bytes)
[    1.353977] Initializing cgroup subsys io
[    1.357376] Initializing cgroup subsys memory
[    1.361189] Initializing cgroup subsys devices
[    1.365783] Initializing cgroup subsys freezer
[    1.369026] Initializing cgroup subsys net_cls
[    1.372887] Initializing cgroup subsys perf_event
[    1.374533] Initializing cgroup subsys net_prio
[    1.376244] Initializing cgroup subsys hugetlb
[    1.385859] Initializing cgroup subsys pids
[    1.389124] CPU: Physical Processor ID: 0
[    1.393283] CPU: Processor Core ID: 0
[    1.394935] mce: CPU supports 0 MCE banks
[    1.397721] Last level iTLB entries: 4KB 512, 2MB 8, 4MB 8
[    1.407132] Last level dTLB entries: 4KB 512, 2MB 32, 4MB 32, 1GB 0
[    1.413499] Spectre V2 : Mitigation: Full generic retpoline
[    1.418185] Spectre V2 : Speculation control IBPB not-supported IBRS not-supported
[    1.420632] Speculative Store Bypass: Vulnerable
[    1.428268] Freeing SMP alternatives memory: 32K
[    1.443608] ftrace: allocating 32245 entries in 126 pages
[    1.509190] smpboot: APIC(0) Converting physical 0 to logical package 0
[    1.514255] smpboot: Max logical packages: 1
[    1.518338] x2apic enabled
[    1.521012] Switched APIC routing to physical x2apic.
[    1.525247] ..TIMER: vector=0x30 apic1=0 pin1=2 apic2=-1 pin2=-1
[    1.636456] smpboot: CPU0: Intel(R) Core(TM) i5-3210M CPU @ 2.50GHz (family: 0x6, model: 0x3a, stepping: 0x9)
[    1.652325] Performance Events: unsupported p6 CPU model 58 no PMU driver, software events only.
[    1.665833] KVM setup paravirtual spinlock
[    1.670693] x86: Booting SMP configuration:
[    1.674325] .... node  #0, CPUs:      #1
[    1.685866] kvm-clock: cpu 1, msr 0:3ffe3041, secondary cpu clock
[    1.688438] mce: CPU supports 0 MCE banks
[    1.692064] x86: Booted up 1 node, 2 CPUs
[    1.693797] smpboot: Total of 2 processors activated (9977.26 BogoMIPS)
[    1.699480] devtmpfs: initialized
[    1.703778] evm: security.selinux
[    1.706170] evm: security.SMACK64
[    1.707466] evm: security.SMACK64EXEC
[    1.709065] evm: security.SMACK64TRANSMUTE
[    1.710542] evm: security.SMACK64MMAP
[    1.721855] evm: security.ima
[    1.723091] evm: security.capability
[    1.724847] clocksource: jiffies: mask: 0xffffffff max_cycles: 0xffffffff, max_idle_ns: 7645041785100000 ns
[    1.728588] futex hash table entries: 512 (order: 3, 32768 bytes)
[    1.738798] pinctrl core: initialized pinctrl subsystem
[    1.741978] RTC time:  4:47:00, date: 07/21/18
[    1.747220] NET: Registered protocol family 16
[    1.765604] cpuidle: using governor ladder
[    1.780855] cpuidle: using governor menu
[    1.782995] PCCT header not found.
[    1.785719] ACPI: bus type PCI registered
[    1.787417] acpiphp: ACPI Hot Plug PCI Controller Driver version: 0.5
[    1.790950] PCI: Using configuration type 1 for base access
[    1.806088] ACPI: Added _OSI(Module Device)
[    1.807723] ACPI: Added _OSI(Processor Device)
[    1.809856] ACPI: Added _OSI(3.0 _SCP Extensions)
[    1.811903] ACPI: Added _OSI(Processor Aggregator Device)
[    1.822736] ACPI: Executed 1 blocks of module-level executable AML code
[    1.832182] ACPI: Interpreter enabled
[    1.835370] ACPI: (supports S0 S5)
[    1.837779] ACPI: Using IOAPIC for interrupt routing
[    1.842599] PCI: Using host bridge windows from ACPI; if necessary, use "pci=nocrs" and report a bug
[    1.853400] ACPI: PCI Root Bridge [PCI0] (domain 0000 [bus 00-ff])
[    1.858793] acpi PNP0A03:00: _OSC: OS supports [ASPM ClockPM Segments MSI]
[    1.862794] acpi PNP0A03:00: _OSC: not requesting OS control; OS requires [ExtendedConfig ASPM ClockPM MSI]
[    1.868471] acpi PNP0A03:00: fail to add MMCONFIG information, can't access extended PCI configuration space under this bridge.
[    1.875667] PCI host bridge to bus 0000:00
[    1.883459] pci_bus 0000:00: root bus resource [io  0x0000-0x0cf7 window]
[    1.890014] pci_bus 0000:00: root bus resource [io  0x0d00-0xffff window]
[    1.894634] pci_bus 0000:00: root bus resource [mem 0x000a0000-0x000bffff window]
[    1.899871] pci_bus 0000:00: root bus resource [mem 0x40000000-0xfdffffff window]
[    1.904634] pci_bus 0000:00: root bus resource [bus 00-ff]
[    1.914131] pci 0000:00:01.1: legacy IDE quirk: reg 0x10: [io  0x01f0-0x01f7]
[    1.918589] pci 0000:00:01.1: legacy IDE quirk: reg 0x14: [io  0x03f6]
[    1.922982] pci 0000:00:01.1: legacy IDE quirk: reg 0x18: [io  0x0170-0x0177]
[    1.936464] pci 0000:00:01.1: legacy IDE quirk: reg 0x1c: [io  0x0376]
[    1.962358] pci 0000:00:07.0: quirk: [io  0x4000-0x403f] claimed by PIIX4 ACPI
[    1.971101] pci 0000:00:07.0: quirk: [io  0x4100-0x410f] claimed by PIIX4 SMB
[    1.983949] ACPI: PCI Interrupt Link [LNKA] (IRQs 5 9 10 *11)
[    1.989746] ACPI: PCI Interrupt Link [LNKB] (IRQs 5 9 *10 11)
[    1.992965] ACPI: PCI Interrupt Link [LNKC] (IRQs 5 *9 10 11)
[    1.995599] ACPI: PCI Interrupt Link [LNKD] (IRQs 5 9 10 *11)
[    1.998754] ACPI: Enabled 2 GPEs in block 00 to 07
[    2.004829] vgaarb: setting as boot device: PCI:0000:00:02.0
[    2.006742] vgaarb: device added: PCI:0000:00:02.0,decodes=io+mem,owns=io+mem,locks=none
[    2.012086] vgaarb: loaded
[    2.014454] vgaarb: bridge control possible 0000:00:02.0
[    2.016711] SCSI subsystem initialized
[    2.018693] ACPI: bus type USB registered
[    2.020144] usbcore: registered new interface driver usbfs
[    2.022131] usbcore: registered new interface driver hub
[    2.023949] usbcore: registered new device driver usb
[    2.028390] PCI: Using ACPI for IRQ routing
[    2.031048] NetLabel: Initializing
[    2.038214] NetLabel:  domain hash size = 128
[    2.040352] NetLabel:  protocols = UNLABELED CIPSOv4
[    2.042926] NetLabel:  unlabeled traffic allowed by default
[    2.045846] amd_nb: Cannot enumerate AMD northbridges
[    2.048540] clocksource: Switched to clocksource kvm-clock
[    2.061807] AppArmor: AppAorFilesystem Enabled
[   2.188811] pnp: PnP ACPI init
[   2.219885] pnp: PnP ACPI: found 3 devices
[   2.286675] clocksouce: acpi_pm: mask: 0xffffff max_cycles: 0xffffff, max_idle_ns: 2085701024 ns
[   .344269] NET: Registered protocol family 2

[    2.398290] TCP established hash table entries: 8192 (order: 4, 65536 bytes)
[    2.400566] TCP bind hash table entries: 8192 (order: 5, 131072 bytes)
[    2.404509] TCP: Hash tables configured (established 8192 bind 8192)
[    2.406732] UDP hash table entries: 512 (order: 2, 16384 bytes)
[    2.408777] UDP-Lite hash table entries: 512 (order: 2, 16384 bytes)
[   .410886] NET: Registered protocol family 1
[   2.465454] pci 0000:00:00.0: Limiting direct PCI/PCI transfers
[   .4283]pci 000:00:01.0: Activating ISA DMA hang workarounds
[   .649813] Unpacking initramfs...

[    4.706301] Freeing initrd memory: 10908K
[    4.717749] RAPL PMU detected, API unit is 2^-32 Joules, 3 fixed counters 10737418240 ms ovfl timer
[    4.723994] hw unit of domain pp0-core 2^-0 Joules
[    4.726800] hw unit of domain package 2^-0 Joules
[    4.728450] hw unit of domain pp1-gpu 2^-0 Joules
[    4.738076] platform rtc_cmos: registered platform RTC device (no PNP device found)
[    4.743820] Scanning for low memory corruption every 60 seconds
[    4.746588] audit: initializing netlink subsys (disabled)
[    4.752457] audit: type=2000 audit(1532148427.097:1): initialized
[    4.759933] Initialise system trusted keyring
[    4.763066] HugeTLB registered 2 MB page size, pre-allocated 0 pages
[    4.766678] zbud: loaded
[    4.771649] VFS: Disk quotas dquot_6.6.0
[    4.773397] VFS: Dquot-cache hash table entries: 512 (order 0, 4096 bytes)
[    4.776534] squashfs: version 4.0 (2009/01/31) Phillip Lougher
[    4.787883] fuse init (API version 7.23)
[    4.789527] Key type big_key registered
[    4.802986] Allocating IMA MOK and blacklist keyrings.
[    4.809320] Key type asymmetric registered
[    4.810873] Asymmetric key parser 'x509' registered
[    4.812630] Block layer SCSI generic (bsg) driver version 0.4 loaded (major 249)
[    4.815484] io scheduler noop registered
[    4.817325] io scheduler deadline registered (default)
[    4.819595] io scheduler cfq registered
[    4.822415] pci_hotplug: PCI Hot Plug PCI Core version: 0.5
[    4.826099] pciehp: PCI Express Hot Plug Controller Driver version: 0.4
[    4.830785] ACPI: AC Adapter [AC] (on-line)
[    4.833930] input: Power Button as /devices/LNXSYSTM:00/LNXPWRBN:00/input/input0
[    4.836958] ACPI: Power Button [PWRF]
[    4.840331] input: Sleep Button as /devices/LNXSYSTM:00/LNXSLPBN:00/input/input1
[    4.844162] ACPI: Sleep Button [SLPF]
[    4.850137] ACPI: Battery Slot [BAT0] (battery present)
[    4.852617] GHES: HEST is not enabled!
[    4.857837] Serial: 8250/16550 driver, 32 ports, IRQ sharing enabled
[    4.885153] 00:02: ttyS0 at I/O 0x3f8 (irq = 4, base_baud = 115200) is a 16550A
[    4.892770] Linux agpgart interface v0.103
[    4.896442] loop: module loaded
[    4.901676] scsi host0: ata_piix
[    4.903270] scsi host1: ata_piix
[    4.904559] ata1: PATA max UDMA/33 cmd 0x1f0 ctl 0x3f6 bmdma 0xd000 irq 14
[    4.906827] ata2: PATA max UDMA/33 cmd 0x170 ctl 0x376 bmdma 0xd008 irq 15
[    4.911255] libphy: Fixed MDIO Bus: probed
[    4.913174] tun: Universal TUN/TAP device driver, 1.6
[    4.915441] tun: (C) 1999-2004 Max Krasnyansky <maxk@qualcomm.com>
[    4.918225] PPP generic driver version 2.4.2
[    4.923296] ehci_hcd: USB 2.0 'Enhanced' Host Controller (EHCI) Driver
[    4.940117] ehci-pci: EHCI PCI platform driver
[    4.948235] ehci-platform: EHCI generic platform driver
[    4.953309] ohci_hcd: USB 1.1 'Open' Host Controller (OHCI) Driver
[    4.959091] ohci-pci: OHCI PCI platform driver
[    4.974601] ohci-platform: OHCI generic platform driver
[    4.976380] uhci_hcd: USB Universal Host Controller Interface driver
[    4.981931] i8042: PNP: PS/2 Controller [PNP0303:PS2K,PNP0f03:PS2M] at 0x60,0x64 irq 1,12
[    4.988486] serio: i8042 KBD port at 0x60,0x64 irq 1
[    4.990244] serio: i8042 AUX port at 0x60,0x64 irq 12
[    4.998939] mousedev: PS/2 mouse device common for all mice
[    5.001963] rtc_cmos rtc_cmos: rtc core: registered rtc_cmos as rtc0
[    5.008128] rtc_cmos rtc_cmos: alarms up to one day, 114 bytes nvram
[    5.010508] input: AT Translated Set 2 keyboard as /devices/platform/i8042/serio0/input/input2
[    5.015066] i2c /dev entries driver
[    5.016762] device-mapper: uevent: version 1.0.3
[    5.018861] device-mapper: ioctl: 4.34.0-ioctl (2015-10-28) initialised: dm-devel@redhat.com
[    5.023480] ledtrig-cpu: registered to indicate activity on CPUs
[    5.027752] NET: Registered protocol family 10
[    5.029899] NET: Registered protocol family 17
[    5.031464] Key type dns_resolver registered
[    5.033915] registered taskstats version 1
[    5.035710] Loading compiled-in X.509 certificates
[    5.038433] Loaded X.509 cert 'Build time autogenerated kernel key: b3e0fe4bcd6378c38a2c0a4648abbc1fa5043a22'
[    5.048499] zswap: loaded using pool lzo/zbud
[    5.052759] Key type trusted registered
[    5.063200] Key type encrypted registered
[    5.071954] AppArmor: AppArmor sha1 policy hashing enabled
[    5.077145] ima: No TPM chip found, activating TPM-bypass!
[    5.085390] ima: Allocated hash algorithm: sha1
[    5.093978] evm: HMAC attrs: 0x1
[    5.099431]   Magic number: 10:242:768
[    5.101198] rtc_cmos rtc_cmos: setting system clock to 2018-07-21 04:47:03 UTC (1532148423)
[    5.104284] BIOS EDD facility v0.16 2004-Jun-25, 0 devices found
[    5.111302] EDD information not available.
[    5.117960] Freeing unused kernel memory: 1516K
[    5.136977] Write protecting the kernel read-only data: 14336k
[    5.139916] Freeing unused kernel memory: 1680K
[    5.142333] Freeing unused kernel memory: 96K
Loading, please wait...
starting version[    5.161906] random: systemd-udevd: uninitialized urandom read (16 bytes read, 3 bits of entropy available)
 229
[    5.162719] random: udevadm: uninitialized urandom read (16 bytes read, 3 bits of entropy available)
[    5.162743] random: udevadm: uninitialized urandom read (16 bytes read, 3 bits of entropy available)
[    5.177730] random: udevadm: uninitialized urandom read (16 bytes read, 3 bits of entropy available)
[    5.177812] random: udevadm: uninitialized urandom read (16 bytes read, 3 bits of entropy available)
[    5.178089] random: udevadm: uninitialized urandom read (16 bytes read, 3 bits of entropy available)
[    5.178199] random: udevadm: uninitialized urandom read (16 bytes read, 3 bits of entropy available)
[    5.178303] random: udevadm: uninitialized urandom read (16 bytes read, 3 bits of entropy available)
[    5.178411] random: udevadm: uninitialized urandom read (16 bytes read, 3 bits of entropy available)
[    5.178517] random: udevadm: uninitialized urandom read (16 bytes read, 3 bits of entropy available)
[    5.286932] Fusion MPT base driver 3.04.20
[    5.301001] Copyright (c) 1999-2008 LSI Corporation
[    5.305726] e1000: Intel(R) PRO/1000 Network Driver - version 7.3.21-k8-NAPI
[    5.309250] e1000: Copyright (c) 1999-2006 Intel Corporation.
[    5.338904] Fusion MPT SPI Host driver 3.04.20
[    5.358750] AVX version of gcm_enc/dec engaged.
[    5.360421] AES CTR mode by8 optimization enabled
[    5.532355] input: ImExPS/2 Generic Explorer Mouse as /devices/platform/i8042/serio1/input/input4
[    5.738823] tsc: Refined TSC clocksource calibration: 2495.191 MHz
[    5.743137] clocksource: tsc: mask: 0xffffffffffffffff max_cycles: 0x23f77af4a3e, max_idle_ns: 440795228670 ns
[    5.825563] e1000 0000:00:03.0 eth0: (PCI:33MHz:32-bit) 02:21:52:1a:0a:14
[    5.841263] e1000 0000:00:03.0 eth0: Intel(R) PRO/1000 Network Connection
[    5.861804] e1000 0000:00:03.0 enp0s3: renamed from eth0
[    5.866651] mptbase: ioc0: Initiating bringup
[    5.929523] ioc0: LSI53C1030 A0: Capabilities={Initiator}
[    6.099838] scsi host2: ioc0: LSI53C1030 A0, FwRev=00000000h, Ports=1, MaxQ=256, IRQ=20
[    6.214098] scsi 2:0:0:0: Direct-Access     VBOX     HARDDISK         1.0  PQ: 0 ANSI: 5
[    6.223497] scsi target2:0:0: Beginning Domain Validation
[    6.228217] scsi target2:0:0: Domain Validation skipping write tests
[    6.230444] scsi target2:0:0: Ending Domain Validation
[    6.243013] scsi target2:0:0: asynchronous
[    6.245503] scsi 2:0:1:0: Direct-Access     VBOX     HARDDISK         1.0  PQ: 0 ANSI: 5
[    6.248355] scsi target2:0:1: Beginning Domain Validation
[    6.254760] scsi target2:0:1: Domain Validation skipping write tests
[    6.256839] scsi target2:0:1: Ending Domain Validation
[    6.258726] scsi target2:0:1: asynchronous
[    6.273141] sd 2:0:0:0: Attached scsi generic sg0 type 0
[    6.275317] sd 2:0:0:0: [sda] 20971520 512-byte logical blocks: (10.7 GB/10.0 GiB)
[    6.278754] sd 2:0:1:0: Attached scsi generic sg1 type 0
[    6.279202] sd 2:0:1:0: [sdb] 20480 512-byte logical blocks: (10.5 MB/10.0 MiB)
[    6.279564] sd 2:0:1:0: [sdb] Write Protect is off
[    6.279770] sd 2:0:1:0: [sdb] Incomplete mode parameter data
[    6.279772] sd 2:0:1:0: [sdb] Assuming drive cache: write through
[    6.290156] sd 2:0:0:0: [sda] Write Protect is off
[    6.290426] sd 2:0:0:0: [sda] Incomplete mode parameter data
[    6.290428] sd 2:0:0:0: [sda] Assuming drive cache: write through
[    6.293205] sd 2:0:1:0: [sdb] Attached SCSI disk
[    6.296228]  sda: sda1
[    6.297284] sd 2:0:0:0: [sda] Attached SCSI disk
Begin: Loading essential drivers ... [    7.716704] md: linear personality registered for level -1
[    7.722814] md: multipath personality registered for level -4
[    7.729791] md: raid0 personality registered for level 0
[    7.741708] md: raid1 personality registered for level 1
[    7.816682] raid6: sse2x1   gen()  6358 MB/s
[    7.897070] raid6: sse2x1   xor()  2634 MB/s
[    7.964734] raid6: sse2x2   gen()  9615 MB/s
[    8.033126] raid6: sse2x2   xor()  6757 MB/s
[    8.104732] raid6: sse2x4   gen() 11583 MB/s
[    8.172768] raid6: sse2x4   xor()  8437 MB/s
[    8.174302] raid6: using algorithm sse2x4 gen() 11583 MB/s
[    8.178520] raid6: .... xor() 8437 MB/s, rmw enabled
[    8.180188] raid6: using ssse3x2 recovery algorithm
[    8.184062] xor: automatically using best checksumming function:
[    8.232592]    avx       : 17531.000 MB/sec
[    8.236320] async_tx: api initialized (async)
[    8.248768] md: raid6 personality registered for level 6
[    8.251012] md: raid5 personality registered for level 5
[    8.252839] md: raid4 personality registered for level 4
[    8.262232] md: raid10 personality registered for level 10
done.
Begin: Running /scripts/init-premount ... done.
Begin: Mounting root file system ... Begin: Running /scripts/local-top ... done.
Begin: Running /scripts/local-premount ... [    8.302692] Btrfs loaded
Scanning for Btrfs filesystems
done.
Warning: fsck not present, so skipping root file system
[    8.346791] EXT4-fs (sda1): mounted filesystem with ordered data mode. Opts: (null)
done.
Begin: Running /scripts/local-bottom ... done.
Begin: Running /scripts/init-bottom ... done.
[    8.458576] systemd[1]: systemd 229 running in system mode. (+PAM +AUDIT +SELINUX +IMA +APPARMOR +SMACK +SYSVINIT +UTMP +LIBCRYPTSETUP +GCRYPT +GNUTLS +ACL +XZ -LZ4 +SECCOMP +BLKID +ELFUTILS +KMOD -IDN)
[    8.464691] systemd[1]: Detected virtualization oracle.
[    8.466890] systemd[1]: Detected architecture x86-64.

Welcome to [1mUbuntu 16.04.5 LTS[0m!

[    8.476129] systemd[1]: Set hostname to <ubuntu>.
[    8.486406] systemd[1]: Initializing machine ID from random generator.
[    8.488735] systemd[1]: Installed transient /etc/machine-id file.
[    8.639703] systemd[1]: Listening on udev Control Socket.
[[0;32m  OK  [0m] Listening on udev Control Socket.
[    8.657495] systemd[1]: Created slice System Slice.
[[0;32m  OK  [0m] Created slice System Slice.
[    8.676594] systemd[1]: Created slice system-serial\x2dgetty.slice.
[[0;32m  OK  [0m] Created slice system-serial\x2dgetty.slice.
[    8.688643] systemd[1]: Reached target Encrypted Volumes.
[[0;32m  OK  [0m] Reached target Encrypted Volumes.
[    8.705580] systemd[1]: Listening on /dev/initctl Compatibility Named Pipe.
[[0;32m  OK  [0m] Listening on /dev/initctl Compatibility Named Pipe.
[    8.718892] systemd[1]: Reached target Swap.
[[0;32m  OK  [0m] Reached target Swap.
[    8.723098] systemd[1]: Listening on Journal Socket.
[[0;32m  OK  [0m] Listening on Journal Socket.
[    8.741586] systemd[1]: Starting Uncomplicated firewall...
         Starting Uncomplicated firewall...
[    8.748172] systemd[1]: Mounting POSIX Message Queue File System...
         Mounting POSIX Message Queue File System...
[    8.754494] systemd[1]: Starting Nameserver information manager...
         Starting Nameserver information manager...
[    8.761020] systemd[1]: Listening on Journal Socket (/dev/log).
[[0;32m  OK  [0m] Listening on Journal Socket (/dev/log).
[    8.776146] systemd[1]: Started Forward Password Requests to Wall Directory Watch.
[[0;32m  OK  [0m] Started Forward Password Requests to Wall Directory Watch.
[    8.784255] systemd[1]: Reached target System Time Synchronized.
[[0;32m  OK  [0m] Reached target System Time Synchronized.
[    8.790531] systemd[1]: Listening on Device-mapper event daemon FIFOs.
[[0;32m  OK  [0m] Listening on Device-mapper event daemon FIFOs.
[    8.813445] systemd[1]: Starting Set console keymap...
         Starting Set console keymap...
[    8.821094] systemd[1]: Listening on LVM2 metadata daemon socket.
[[0;32m  OK  [0m] Listening on LVM2 metadata daemon socket.
[    8.827707] systemd[1]: Starting Monitoring of LVM2 mirrors, snapshots etc. using dmeventd or progress polling...
         Starting Monitoring of LVM2 mirrors... dmeventd or progress polling...
[    8.844488] systemd[1]: Listening on LVM2 poll daemon socket.
[[0;32m  OK  [0m] Listening on LVM2 poll daemon socket.
[    8.850155] systemd[1]: Started Trigger resolvconf update for networkd DNS.
[[0;32m  OK  [0m] Started Trigger resolvconf update for networkd DNS.
[    8.856104] systemd[1]: Listening on udev Kernel Socket.
[[0;32m  OK  [0m] Listening on udev Kernel Socket.
[    8.861222] systemd[1]: Created slice User and Session Slice.
[[0;32m  OK  [0m] Created slice User and Session Slice.
[    8.866401] systemd[1]: Reached target Slices.
[[0;32m  OK  [0m] Reached target Slices.
[    8.885389] systemd[1]: Mounting Huge Pages File System...
         Mounting Huge Pages File System...
[    8.894575] systemd[1]: Listening on Syslog Socket.
[[0;32m  OK  [0m] Listening on Syslog Socket.
[    8.906064] systemd[1]: Starting Create list of required static device nodes for the current kernel...
         Starting Create list of required st... nodes for the current kernel...
[    8.934021] systemd[1]: Starting Load Kernel Modules...
         Starting Load Kernel Modules...
[    8.940116] systemd[1]: Set up automount Arbitrary Executable File Formats File System Automount Point.
[    8.985816] Loading iSSI transport css v2.0-870.

[[0;32m  OK  [0m] Set up automount Arbitrary Executab...ats File System Automount Point.
[    9.102157] systemd[1]: Listening on Journal Audit Socket.
[[0;32m  OK  [0m] Listening on Journal Audit Socket.
[    9.107571] systemd[1]: Reached target User and Group Name Lookups.
[[0;32m  OK  [0m] Reached target User and Group Name Lookups.
[    9.113913] iscsi: registered transport (tcp)
[    9.124872] systemd[1]: Starting Journal Service...
         Starting Journal Service...
[    9.133102] systemd[1]: Mounting Debug File System...
         Mounting Debug File System...
[    9.140346] systemd[1]: Starting Remount Root and Kernel File Systems...
[    9.145256] EXT4-fs (sda1): re-mounted. Opts: (null)
[    9.156005] iscsi: registered transport (iser)
         Starting Remount Root and Kernel File Systems...
[    9.178449] systemd[1]: Mounted Debug File System.
[[0;32m  OK  [0m] Mounted Debug File System.
[    9.201580] systemd[1]: Mounted Huge Pages File System.
[[0;32m  OK  [0m] Mounted Huge Pages File System.
[    9.208305] systemd[1]: Mounted POSIX Message Queue File System.
[[0;32m  OK  [0m] Mounted POSIX Message Queue File System.
[    9.213012] systemd[1]: Started Journal Service.
[[0;32m  OK  [0m] Started Journal Service.
[[0;32m  OK  [0m] Started Uncomplicated firewall.
[[0;32m  OK  [0m] Started Set console keymap.
[[0;32m  OK  [0m] Started Create list of required sta...ce nodes for the current kernel.
[[0;32m  OK  [0m] Started Load Kernel Modules.
[[0;32m  OK  [0m] Started Remount Root and Kernel File Systems.
[[0;32m  OK  [0m] Started Nameserver information manager.
[[0;32m  OK  [0m] Started LVM2 metadata daemon.
         Starting Load/Save Random Seed...
         Starting udev Coldplug all Devices...
         Starting Apply Kernel Variables...
         Mounting FUSE Control File System...
         Starting Create Static Device Nodes in /dev...
         Starting Flush Journal to Persistent Storage...
[[0;32m  OK  [0m] Mounted FUSE Control File System.
[[0;32m  OK  [0m] Started Load/Save Random Seed.
[[0;32m  OK  [0m] Started Apply Kernel Variables.
[[0;32m  OK  [0m] Started Create Static Device Nodes in /dev.
[[0;32m  OK  [0m] Started Flush Journal to Persistent Storage.
[[0;32m  OK  [0m] Started udev Coldplug all Devices.
         Starting udev Kernel Device Manager...
[[0;32m  OK  [0m] Started udev Kernel Device Manager.
[[0;32m  OK  [0m] Started Dispatch Password Requests to Console Directory Watch.
[[0;32m  OK  [0m] Found device /dev/ttyS0.
[[0;32m  OK  [0m] Started Monitoring of LVM2 mirrors,...ng dmeventd or progress polling.
[[0;32m  OK  [0m] Reached target Local File Systems (Pre).
[[0;32m  OK  [0m] Reached target Local File Systems.
         Starting LSB: AppArmor initialization...
         Starting Tell Plymouth To Write Out Runtime Data...
         Starting Create Volatile Files and Directories...
         Starting Commit a transient machine-id on disk...
         Starting Initial cloud-init job (pre-networking)...
         Starting Set console font and keymap...
[[0;32m  OK  [0m] Started Tell Plymouth To Write Out Runtime Data.
[[0;32m  OK  [0m] Started Create Volatile Files and Directories.
[[0;32m  OK  [0m] Started Commit a transient machine-id on disk.
[[0;32m  OK  [0m] Listening on Load/Save RF Kill Switch Status /dev/rfkill Watch.
         Starting Update UTMP about System Boot/Shutdown...
[[0;32m  OK  [0m] Started Update UTMP about System Boot/Shutdown.
[    9.947568] cloud-init[513]: Cloud-init v. 18.2 running 'init-local' at Sat, 21 Jul 2018 04:47:09 +0000. Up 9.29 seconds.
[[0;32m  OK  [0m] Started Initial cloud-init job (pre-networking).
[[0;32m  OK  [0m] Started LSB: AppArmor initialization.
[[0;32m  OK  [0m] Reached target Network (Pre).
         Starting Raise network interfaces...
[[0;32m  OK  [0m] Started Set console font and keymap.
[[0;32m  OK  [0m] Created slice system-getty.slice.
[[0;32m  OK  [0m] Started Raise network interfaces.
         Starting Initial cloud-init job (metadata service crawler)...
[[0;32m  OK  [0m] Reached target Network.
[   12.876954] cloud-init[925]: Cloud-init v. 18.2 running 'init' at Sat, 21 Jul 2018 04:47:11 +0000. Up 11.62 seconds.
[   12.882594] cloud-init[925]: ci-info: +++++++++++++++++++++++++++++++++++++Net device info+++++++++++++++++++++++++++++++++++++
[   12.909412] cloud-init[925]: ci-info: +--------+------+---------------------------+---------------+-------+-------------------+
[   12.924455] cloud-init[925]: ci-info: | Device |  Up  |          Address          |      Mask     | Scope |     Hw-Address    |
[   12.938114] cloud-init[925]: ci-info: +--------+------+---------------------------+---------------+-------+-------------------+
[   12.949443] cloud-init[925]: ci-info: | enp0s3 | True |         10.0.2.15         | 255.255.255.0 |   .   | 02:21:52:1a:0a:14 |
[   12.973301] cloud-init[925]: ci-info: | enp0s3 | True | fe80::21:52ff:fe1a:a14/64 |       .       |  link | 02:21:52:1a:0a:14 |
[   12.993380] cloud-init[925]: ci-info: |   lo   | True |         127.0.0.1         |   255.0.0.0   |   .   |         .         |
[   12.998108] cloud-init[925]: ci-info: |   lo   | True |          ::1/128          |       .       |  host |         .         |
[   13.010998] cloud-init[925]: ci-info: +--------+------+---------------------------+---------------+-------+-------------------+
[   13.024873] cloud-init[925]: ci-info: +++++++++++++++++++++++++++Route IPv4 info++++++++++++++++++++++++++++
[   13.038757] cloud-init[925]: ci-info: +-------+-------------+----------+---------------+-----------+-------+
[[0;32m  OK  [0m[   13.046812] ] cloud-initStarted Initial cloud-init job (metadata service crawler).[925]: 
ci-info: | Route | Destination | Gateway  |    Genmask    | Interface | Flags |
[   13.094432] cloud-init[925]: ci-info: +-------+-------------+----------+---------------+-----------+-------+
[   13.095797] cloud-init[925]: ci-info: |   0   |   0.0.0.0   | 10.0.2.2 |    0.0.0.0    |   enp0s3  |   UG  |
[   13.099387] cloud-init[925]: ci-info: |   1   |   10.0.2.0  | 0.0.0.0  | 255.255.255.0 |   enp0s3  |   U   |
[[0;32m  OK  [0m] Reached target Network is Online.[   13.099529] 
cloud-init[925]: ci-info: +-------+-------------+----------+---------------+-----------+-------+
[   13.099673] cloud-init[925]: Generating public/private rsa key pair.
         Starting iSCSI initiator daemon (iscsid)...
[   13.175729] cloud-init[925]: Your identification has been saved in /etc/ssh/ssh_host_rsa_key.
[   13.181200] cloud-init[925]: Your public key has been saved in /etc/ssh/ssh_host_rsa_key.pub.
[[0;32m  OK  [0m] Reached target Cloud-config availability.
[   13.184702] cloud-init[925]: The key fingerprint is:
[[0;32m  OK  [0m] Reached target System Initialization.
[   13.227550] cloud-init[925]: SHA256:h0uQDYw1cry7zbi1rY7Lo6dML38cPXdKnwPpqZFd634 root@ubuntu-xenial
[   13.244437] cloud-init[925]: The key's randomart image is:
[[0;32m  OK  [0m] Started Daily apt download activities.
[   13.245273] cloud-init[925]: +---[RSA 2048]----+
[[0;32m  OK  [0m] Listening on UUID daemon activation socket.
[[0;32m  OK  [0m] Listening on ACPID Listen Socket.
[   13.269472] cloud-init[925]: |    .==          |
[   13.301611] cloud-init[925]: |    .oo=         |
[   13.302370] cloud-init[925]: |      o..        |
         Starting LXD - unix socket.
[   13.303486] cloud-init[925]: |      .. .       |
[   13.320888] cloud-init[925]: |       .S..  ..  |
[   13.321778] cloud-init[925]: |      ...ooo=... |
         Starting Socket activation for snappy daemon.
[   13.322310] cloud-init[925]: |    .  *o.o=.*.. |
[[0;32m  OK  [0m] Started ACPI Events Check.
[   13.411341] cloud-init[925]: |   o.o=o=o .+.+ E|
[   13.450393] cloud-init[925]: |    +*B*+.o. .oo |
[[0;32m  OK  [0m] Reached target Paths.
[[   13.452017] cloud-init[925]: +----[SHA256]-----+
[   13.496571] cloud-init[925]: Generating public/private dsa key pair.
[0;32m  OK  [0m] Listening on D-Bus System Message Bus Socket.
[[   13.497381] cloud-init[925]: Your identification has been saved in /etc/ssh/ssh_host_dsa_key.
[   13.510629] cloud-init[925]: Your public key has been saved in /etc/ssh/ssh_host_dsa_key.pub.
[0;32m  OK  [0m] Started Daily apt upgrade and clean activities.
[   13.514750] cloud-init[925]: The key fingerprint is:
[   13.545997] cloud-init[925]: SHA256:HJR/K6LldMEMk035JhfwqP8zkLur2oo/t+TcIvT7TXg root@ubuntu-xenial
[[0;32m  OK  [0m] Started Daily Cleanup of Temporary Directories.
[[   13.547036] cloud-init[0;32m  OK  [0m[925]: ] The key's randomart image is:Reached target Timers.

[[0;32m  OK  [0m] Listening on LXD - unix socket.
[[   13.613557] cloud-init[925]: +---[DSA 1024]----+
[   13.625106] cloud-init[925]: |        .=oo     |
[   13.626992] cloud-init[925]: |       .= oo.    |
[   13.627499] cloud-init[925]: |        .*....   |
[   13.629955] cloud-init[925]: |       . o* =    |
[   13.631075] cloud-init[925]: |        S  B .   |
[   13.633391] cloud-init[925]: |      . +.=..    |
[   13.634495] cloud-init[925]: |     . *.oo+E    |
[0;32m  OK  [0m] [   13.636455] Listening on Socket activation for snappy daemon.cloud-init
[925]: |     .+==..=o    |
[   13.636767] cloud-init[925]: |    ..+*B*=ooo   |
[   13.666746] cloud-init[925]: +----[SHA256]-----+
[   13.669195] cloud-init[925]: Generating public/private ecdsa key pair.
[   13.671781] cloud-init[925]: Your identification has been saved in /etc/ssh/ssh_host_ecdsa_key.
[   13.673205] cloud-init[925]: Your public key has been saved in /etc/ssh/ssh_host_ecdsa_key.pub.
[[0;32m  OK  [0m] Started iSCSI initiator daemon (iscsid).
[   13.673897] cloud-init[925]: The key fingerprint is:
[   13.704011] cloud-init[925]: SHA256:9C2b/28izBhCuWoAgOUu1orS/hij+DyFoqRZ8VXJtTA root@ubuntu-xenial
[   13.715808] cloud-init[925]: The key's randomart image is:
[   13.728765] cloud-init[925]: +---[ECDSA 256]---+
[   13.740713] cloud-init[925]: |...    .Eo.      |
[   13.745777] cloud-init[925]: |o.      +o .     |
[   13.758469] cloud-init[925]: | ..    ....      |
[   13.760294] cloud-init[925]: | .+   ..o. .     |
         Starting Login to default iSCSI targets...
[   13.760912] cloud-init[925]: |...* . .S.o .    |
[   13.779869] cloud-init[925]: |+++ +   o .+     |
[[0;32m  OK  [0m] Reached target Sockets.
[   13.780433] cloud-init[925]: |*=+. . . .o=     |
[   13.811383] cloud-init[925]: |*+.+  o   ..+ . .|
[   13.812256] cloud-init[925]: |o.=o..      .o.+.|
[   13.814667] cloud-init[925]: +----[SHA256]-----+
[[0;32m  OK  [0m] Reached target Basic System.
[   13.815030] cloud-init[925]: Generating public/private ed25519 key pair.
[   13.870492] cloud-init[925]: Your identification has been saved in /etc/ssh/ssh_host_ed25519_key.
[   13.871606] cloud-init[925]: Your public key has been saved in /etc/ssh/ssh_host_ed25519_key.pub.
         Starting Virtualbox guest utils...
[   13.872695] cloud-init[925]: The key fingerprint is:
[   13.915129] cloud-init[925]: SHA256:bV/5OEgqMezpgC2Lshn/AJf87D1ZBgpUpmCYrSmglAs root@ubuntu-xenial
[[   13.928025] cloud-init[925]: The key's randomart image is:
[   13.929092] cloud-init[925]: +--[ED25519 256]--+
[   13.931338] cloud-init[925]: |o+..o            |
[   13.932527] cloud-init[925]: |E+oo             |
[   13.934438] cloud-init[925]: |=+o              |
[   13.936152] cloud-init[925]: |=o..  .. .     . |
[0;32m  OK  [0m] Started D-Bus System Message Bus.
[   13.937705] cloud-init[925]: |o +. . .S o . o  |
[   13.957035] cloud-init[925]: | o o.o .o= + o o |
[   13.967024] cloud-init[925]: |. . = o++ . o o .|
[   13.970103] cloud-init[925]: |.+ + +oo .     . |
[   13.972853] cloud-init[925]: |ooo.+ ...        |
[   13.975682] cloud-init[925]: +----[SHA256]-----+
         Starting /etc/rc.local Compatibility...
[[0;32m  OK  [0m] Started Regular background program processing daemon.
         Starting Accounts Service...
         Starting LSB: MD monitoring daemon...
         Starting Snappy daemon...
[[0;32m  OK  [0m] Started FUSE filesystem for LXC.
         Starting Pollinate to seed the pseudo random number generator...
[[0;32m  OK  [0m] Started ACPI event daemon.
         Starting LSB: Record successful boot for GRUB...
         Starting Apply the settings specified in cloud-config...
[[0;32m  OK  [0m] Started Deferred execution scheduler.
[[0;32m  OK  [0m] Started Unattended Upgrades Shutdown.
         Starting System Logging Service...
         Starting Login Service...
         Starting LXD - container startup/shutdown...
[[0;32m  OK  [0m] Started Snappy daemon.
[[0;32m  OK  [0m] Started /etc/rc.local Compatibility.
[[0;32m  OK  [0m] Started System Logging Service.
[[0;32m  OK  [0m] Started Login to default iSCSI targets.
[[0;32m  OK  [0m] Started LXD - container startup/shutdown.
[[0;32m  OK  [0m] Started LSB: MD monitoring daemon.
[[0;32m  OK  [0m] Started LSB: Record successful boot for GRUB.
         Starting Authenticate and Authorize Users to Run Privileged Tasks...
[[0;32m  OK  [0m] Reached target Remote File Systems (Pre).
[[0;32m  OK  [0m] Reached target Remote File Systems.
         Starting LSB: Set the CPU Frequency Scaling governor to "ondemand"...
         Starting LSB: automatic crash report generation...
         Starting Permit User Sessions...
         Starting LSB: daemon to balance interrupts for SMP systems...
         Starting Wait until snapd is fully seeded...
[[0;32m  OK  [0m] Started Virtualbox guest utils.
[[0;32m  OK  [0m] Started Permit User Sessions.
[[0;32m  OK  [0m] Started Login Service.
[[0;32m  OK  [0m] Started Authenticate and Authorize Users to Run Privileged Tasks.
[[0;32m  OK  [0m] Started Accounts Service.
[[0;32m  OK  [0m] Started LSB: Set the CPU Frequency Scaling governor to "ondemand".
         Starting Hold until boot process finishes up...
         Starting Terminate Plymouth Boot Screen...
[[0;32m  OK  [0m] Started LSB: automatic crash report generation.
[[0;32m  OK  [0m] Started LSB: daemon to balance interrupts for SMP systems.
[[0;32m  OK  [0m] Started Hold until boot process finishes up.
[[0;32m  OK  [0m] Started Terminate Plymouth Boot Screen.
         Starting Set console scheme...
[[0;32m  OK  [0m] Started Getty on tty1.
[[0;32m  OK  [0m] Started Serial Getty on ttyS0.
[[0;32m  OK  [0m] Reached target Login Prompts.
[[0;32m  OK  [0m] Started Set console scheme.
[   15.858669] cloud-init[1106]: Generating locales (this might take a while)...
[[0;32m  OK  [0m] Started Pollinate to seed the pseudo random number generator.
         Starting OpenBSD Secure Shell server...
[[0;32m  OK  [0m] Started OpenBSD Secure Shell server.
[[0;32m  OK  [0m] Created slice User Slice of vagrant.
         Starting User Manager for UID 1000...
[[0;32m  OK  [0m] Started Session 1 of user vagrant.
[[0;32m  OK  [0m] Started User Manager for UID 1000.
[[0;32m  OK  [0m] Started Wait until snapd is fully seeded.
[   17.582067] cloud-init[1106]:   en_US.UTF-8... done
[   17.585739] cloud-init[1106]: Generation complete.
[[0;32m  OK  [0m] Reached target Multi-User System.
[[0;32m  OK  [0m] Reached target Graphical Interface.
         Starting Update UTMP about System Runlevel Changes...
[[0;32m  OK  [0m] Started Update UTMP about System Runlevel Changes.
[   18.353080] cloud-init[1106]: Cloud-init v. 18.2 running 'modules:config' at Sat, 21 Jul 2018 04:47:15 +0000. Up 15.47 seconds.
[[0;32m  OK  [0m] Started Apply the settings specified in cloud-config.
         Starting Execute cloud user/final scripts...
         Stopping User Manager for UID 1000...
ci-info: no authorized ssh keys fingerprints found for user ubuntu.
[[0;32m  OK  [0m] Stopped User Manager for UID 1000.
[[0;32m  OK  [0m] Removed slice User Slice of vagrant.
<14>Jul 21 04:47:19 ec2: 
<14>Jul 21 04:47:19 ec2: #############################################################
<14>Jul 21 04:47:19 ec2: -----BEGIN SSH HOST KEY FINGERPRINTS-----
<14>Jul 21 04:47:19 ec2: 1024 SHA256:HJR/K6LldMEMk035JhfwqP8zkLur2oo/t+TcIvT7TXg root@ubuntu-xenial (DSA)
<14>Jul 21 04:47:19 ec2: 256 SHA256:9C2b/28izBhCuWoAgOUu1orS/hij+DyFoqRZ8VXJtTA root@ubuntu-xenial (ECDSA)
<14>Jul 21 04:47:19 ec2: 256 SHA256:bV/5OEgqMezpgC2Lshn/AJf87D1ZBgpUpmCYrSmglAs root@ubuntu-xenial (ED25519)
<14>Jul 21 04:47:19 ec2: 2048 SHA256:h0uQDYw1cry7zbi1rY7Lo6dML38cPXdKnwPpqZFd634 root@ubuntu-xenial (RSA)
<14>Jul 21 04:47:19 ec2: -----END SSH HOST KEY FINGERPRINTS-----
<14>Jul 21 04:47:19 ec2: #############################################################
-----BEGIN SSH HOST KEY KEYS-----
ecdsa-sha2-nistp256 AAAAE2VjZHNhLXNoYTItbmlzdHAyNTYAAAAIbmlzdHAyNTYAAABBBMwtLYJp7+bftxgmBsyaaEDwnSRh6WovkjVjWlbfYPm02CZkz4RGawWwFlr5ss/57wzPuPvvPIjK3mwpii6TFgQ= root@ubuntu-xenial
ssh-ed25519 AAAAC3NzaC1lZDI1NTE5AAAAIECs0grxZONKmpnSTz2ZOHDQdNF7eo06pguKDo7yjDIG root@ubuntu-xenial
ssh-rsa AAAAB3NzaC1yc2EAAAADAQABAAABAQD4KS1QPUikiFQP61w4PMX8JLfaHOf1LPEhdywVGJ7J/SNZ8+7ZV+8rcpZsZJ21Xavgx0Vx7MNs4c7CwWfAcbJoQzJWGIPypYybKUTgAp2HlJcjwhAf0VYd80nw/gJgdWozaPph1z+P7M44Elsam/BuEuZn7bhFTj6Af8a32xqlb7BtjS0PUtvWj27x6tO22oUSrFYz1g8WUUebbTGwQGwC8vq/QR/kLJouvTiZf5pAIYQl4ZfY4hS+af6NjLE9GxWZUlKN0SAUZo18TkoOgT2IOG587YCs0zh57pP5LjmsbTMBtaJ1apbRj+X+65qJc12iHWlKQmzXIkg8S+vCzcAb root@ubuntu-xenial
-----END SSH HOST KEY KEYS-----
[   19.482771] cloud-init[1388]: Cloud-init v. 18.2 running 'modules:final' at Sat, 21 Jul 2018 04:47:18 +0000. Up 18.89 seconds.
[   19.501996] cloud-init[1388]: ci-info: no authorized ssh keys fingerprints found for user ubuntu.
[   19.564846] [cloud-init[0;32m  OK  [0m[1388]: ] Cloud-init v. 18.2 finished at Sat, 21 Jul 2018 04:47:19 +0000. Datasource DataSourceNoCloud [seed=/dev/sdb][dsmode=net].  Up 19.41 secondsCreated slice User Slice of vagrant.

[[0;32m  OK  [0m] Started Execute cloud user/final scripts.
[[0;32m  OK  [0m] Started Session 2 of user vagrant.
         Starting User Manager for UID 1000...
[[0;32m  OK  [0m] Reached target Cloud-init target.
[[0;32m  OK  [0m] Started User Manager for UID 1000.

Ubuntu 16.04.5 LTS ubuntu-xenial ttyS0

ubuntu-xenial login: 